2019-05-09 12:56:32,314 INFO  c.c.d.collector.CollectorTask - -----------------------------------
2019-05-09 12:56:32,316 INFO  c.c.d.collector.CollectorTask - Starting...
2019-05-09 12:56:32,316 INFO  c.c.d.collector.CollectorTask - -----------------------------------
2019-05-09 12:56:32,316 INFO  c.c.d.collector.CollectorTask - Collecting Incidents
2019-05-09 12:56:32,318 INFO  c.c.d.collector.HpsmCollectorTask - Inserted Incident Item Count: 4
2019-05-09 12:56:32,318 INFO  c.c.d.collector.HpsmCollectorTask - Updated Incident Item Count: 0
2019-05-09 12:56:32,320 INFO  c.c.d.collector.CollectorTask - Finished                         0s
2019-05-09 12:56:32,329 INFO  c.c.d.collector.CollectorTask - -----------------------------------
2019-05-09 12:56:32,329 INFO  c.c.d.collector.CollectorTask - Starting...
2019-05-09 12:56:32,330 INFO  c.c.d.collector.CollectorTask - -----------------------------------
2019-05-09 12:56:32,330 INFO  c.c.d.collector.CollectorTask - Collecting Changes
2019-05-09 12:56:32,330 INFO  c.c.d.collector.HpsmCollectorTask - Inserted ChangeOrder Item Count: 4
2019-05-09 12:56:32,331 INFO  c.c.d.collector.HpsmCollectorTask - Updated ChangeOrder Item Count: 0
2019-05-09 12:56:32,331 INFO  c.c.d.collector.CollectorTask - Finished                         0s
2019-05-09 12:56:32,338 INFO  c.c.d.collector.CollectorTask - -----------------------------------
2019-05-09 12:56:32,338 INFO  c.c.d.collector.CollectorTask - Starting...
2019-05-09 12:56:32,338 INFO  c.c.d.collector.CollectorTask - -----------------------------------
2019-05-09 12:56:32,339 INFO  c.c.d.collector.CollectorTask - Collecting Apps
2019-05-09 12:56:32,339 INFO  c.c.d.collector.HpsmCollectorTask - Inserted Cmdb Item Count: 4
2019-05-09 12:56:32,339 INFO  c.c.d.collector.HpsmCollectorTask - Updated Cmdb Item Count: 0
2019-05-09 12:56:32,340 INFO  c.c.d.collector.HpsmCollectorTask - Invalid Cmdb Item Count: 0
2019-05-09 12:56:32,340 INFO  c.c.d.collector.CollectorTask - Finished                         0s
