2019-05-03 16:15:00,270 INFO  o.s.t.c.s.DefaultTestContextBootstrapper - Loaded default TestExecutionListener class names from location [META-INF/spring.factories]: [org.springframework.test.context.web.ServletTestExecutionListener, org.springframework.test.context.support.DirtiesContextBeforeModesTestExecutionListener, org.springframework.test.context.support.DependencyInjectionTestExecutionListener, org.springframework.test.context.support.DirtiesContextTestExecutionListener, org.springframework.test.context.transaction.TransactionalTestExecutionListener, org.springframework.test.context.jdbc.SqlScriptsTestExecutionListener]
2019-05-03 16:15:00,290 INFO  o.s.t.c.s.DefaultTestContextBootstrapper - Could not instantiate TestExecutionListener [org.springframework.test.context.web.ServletTestExecutionListener]. Specify custom listener classes or make the default listener classes (and their required dependencies) available. Offending class: [javax/servlet/ServletContext]
2019-05-03 16:15:00,293 INFO  o.s.t.c.s.DefaultTestContextBootstrapper - Using TestExecutionListeners: [org.springframework.test.context.support.DirtiesContextBeforeModesTestExecutionListener@5db6b845, org.springframework.test.context.support.DependencyInjectionTestExecutionListener@378f002a, org.springframework.test.context.support.DirtiesContextTestExecutionListener@1afd72ef, org.springframework.test.context.transaction.TransactionalTestExecutionListener@2cc75074, org.springframework.test.context.jdbc.SqlScriptsTestExecutionListener@445bb139]
2019-05-03 16:15:00,315 INFO  o.s.t.c.s.DefaultTestContextBootstrapper - Loaded default TestExecutionListener class names from location [META-INF/spring.factories]: [org.springframework.test.context.web.ServletTestExecutionListener, org.springframework.test.context.support.DirtiesContextBeforeModesTestExecutionListener, org.springframework.test.context.support.DependencyInjectionTestExecutionListener, org.springframework.test.context.support.DirtiesContextTestExecutionListener, org.springframework.test.context.transaction.TransactionalTestExecutionListener, org.springframework.test.context.jdbc.SqlScriptsTestExecutionListener]
2019-05-03 16:15:00,316 INFO  o.s.t.c.s.DefaultTestContextBootstrapper - Could not instantiate TestExecutionListener [org.springframework.test.context.web.ServletTestExecutionListener]. Specify custom listener classes or make the default listener classes (and their required dependencies) available. Offending class: [javax/servlet/ServletContext]
2019-05-03 16:15:00,317 INFO  o.s.t.c.s.DefaultTestContextBootstrapper - Using TestExecutionListeners: [org.springframework.test.context.support.DirtiesContextBeforeModesTestExecutionListener@6732726, org.springframework.test.context.support.DependencyInjectionTestExecutionListener@474821de, org.springframework.test.context.support.DirtiesContextTestExecutionListener@3d64c581, org.springframework.test.context.transaction.TransactionalTestExecutionListener@5ec5ea63, org.springframework.test.context.jdbc.SqlScriptsTestExecutionListener@4190bc8a]
2019-05-03 16:15:00,338 INFO  o.s.t.c.s.DefaultTestContextBootstrapper - Loaded default TestExecutionListener class names from location [META-INF/spring.factories]: [org.springframework.test.context.web.ServletTestExecutionListener, org.springframework.test.context.support.DirtiesContextBeforeModesTestExecutionListener, org.springframework.test.context.support.DependencyInjectionTestExecutionListener, org.springframework.test.context.support.DirtiesContextTestExecutionListener, org.springframework.test.context.transaction.TransactionalTestExecutionListener, org.springframework.test.context.jdbc.SqlScriptsTestExecutionListener]
2019-05-03 16:15:00,339 INFO  o.s.t.c.s.DefaultTestContextBootstrapper - Could not instantiate TestExecutionListener [org.springframework.test.context.web.ServletTestExecutionListener]. Specify custom listener classes or make the default listener classes (and their required dependencies) available. Offending class: [javax/servlet/ServletContext]
2019-05-03 16:15:00,340 INFO  o.s.t.c.s.DefaultTestContextBootstrapper - Using TestExecutionListeners: [org.springframework.test.context.support.DirtiesContextBeforeModesTestExecutionListener@6abdec0e, org.springframework.test.context.support.DependencyInjectionTestExecutionListener@28f4f300, org.springframework.test.context.support.DirtiesContextTestExecutionListener@2b5c4f17, org.springframework.test.context.transaction.TransactionalTestExecutionListener@6ca8fcf3, org.springframework.test.context.jdbc.SqlScriptsTestExecutionListener@69f0b0f4]
2019-05-03 16:15:00,677 INFO  o.s.c.s.GenericApplicationContext - Refreshing org.springframework.context.support.GenericApplicationContext@7d25913: startup date [Fri May 03 16:15:00 IST 2019]; root of context hierarchy
2019-05-03 16:15:00,984 INFO  o.s.b.f.s.DefaultListableBeanFactory - Overriding bean definition for bean 'featureSettings' with a different definition: replacing [Generic bean: class [com.capitalone.dashboard.collector.FeatureSettings]; scope=singleton; abstract=false; lazyInit=false; autowireMode=0; dependencyCheck=0; autowireCandidate=true; primary=false; factoryBeanName=null; factoryMethodName=null; initMethodName=null; destroyMethodName=null; defined in file [/Users/akavi/HPSE/Hygieia_POC/Hygieia/collectors/feature/jira/target/classes/com/capitalone/dashboard/collector/FeatureSettings.class]] with [Root bean: class [null]; scope=; abstract=false; lazyInit=false; autowireMode=3; dependencyCheck=0; autowireCandidate=true; primary=false; factoryBeanName=testConfig; factoryMethodName=featureSettings; initMethodName=null; destroyMethodName=(inferred); defined in com.capitalone.dashboard.config.TestConfig]
2019-05-03 16:15:01,480 INFO  o.s.b.f.a.AutowiredAnnotationBeanPostProcessor - JSR-330 'javax.inject.Inject' annotation found and supported for autowiring
2019-05-03 16:15:04,272 INFO  c.c.d.collector.DefaultJiraClient - JIRA Collector collected 4 boards
2019-05-03 16:15:04,287 INFO  o.s.c.s.GenericApplicationContext - Closing org.springframework.context.support.GenericApplicationContext@7d25913: startup date [Fri May 03 16:15:00 IST 2019]; root of context hierarchy
2019-05-03 16:15:04,302 INFO  o.s.t.c.s.DefaultTestContextBootstrapper - Loaded default TestExecutionListener class names from location [META-INF/spring.factories]: [org.springframework.test.context.web.ServletTestExecutionListener, org.springframework.test.context.support.DirtiesContextBeforeModesTestExecutionListener, org.springframework.test.context.support.DependencyInjectionTestExecutionListener, org.springframework.test.context.support.DirtiesContextTestExecutionListener, org.springframework.test.context.transaction.TransactionalTestExecutionListener, org.springframework.test.context.jdbc.SqlScriptsTestExecutionListener]
2019-05-03 16:15:04,303 INFO  o.s.t.c.s.DefaultTestContextBootstrapper - Could not instantiate TestExecutionListener [org.springframework.test.context.web.ServletTestExecutionListener]. Specify custom listener classes or make the default listener classes (and their required dependencies) available. Offending class: [javax/servlet/ServletContext]
2019-05-03 16:15:04,303 INFO  o.s.t.c.s.DefaultTestContextBootstrapper - Using TestExecutionListeners: [org.springframework.test.context.support.DirtiesContextBeforeModesTestExecutionListener@3650cc1a, org.springframework.test.context.support.DependencyInjectionTestExecutionListener@600c5acf, org.springframework.test.context.support.DirtiesContextTestExecutionListener@a64ca7f, org.springframework.test.context.transaction.TransactionalTestExecutionListener@4b4be42c, org.springframework.test.context.jdbc.SqlScriptsTestExecutionListener@7bcbc143]
2019-05-03 16:15:04,318 INFO  o.s.c.s.GenericApplicationContext - Refreshing org.springframework.context.support.GenericApplicationContext@1a9e4177: startup date [Fri May 03 16:15:04 IST 2019]; root of context hierarchy
2019-05-03 16:15:04,410 INFO  o.s.b.f.s.DefaultListableBeanFactory - Overriding bean definition for bean 'featureSettings' with a different definition: replacing [Generic bean: class [com.capitalone.dashboard.collector.FeatureSettings]; scope=singleton; abstract=false; lazyInit=false; autowireMode=0; dependencyCheck=0; autowireCandidate=true; primary=false; factoryBeanName=null; factoryMethodName=null; initMethodName=null; destroyMethodName=null; defined in file [/Users/akavi/HPSE/Hygieia_POC/Hygieia/collectors/feature/jira/target/classes/com/capitalone/dashboard/collector/FeatureSettings.class]] with [Root bean: class [null]; scope=; abstract=false; lazyInit=false; autowireMode=3; dependencyCheck=0; autowireCandidate=true; primary=false; factoryBeanName=testConfig; factoryMethodName=featureSettings; initMethodName=null; destroyMethodName=(inferred); defined in com.capitalone.dashboard.config.TestConfig]
2019-05-03 16:15:04,609 INFO  o.s.b.f.a.AutowiredAnnotationBeanPostProcessor - JSR-330 'javax.inject.Inject' annotation found and supported for autowiring
2019-05-03 16:15:05,458 INFO  com.github.fakemongo.FongoConnection - updateCommand() namespace:test-db.collectors updates:[com.mongodb.bulk.UpdateRequest@5466b206]
2019-05-03 16:15:05,483 INFO  com.github.fakemongo.FongoConnection - release()
2019-05-03 16:15:05,488 INFO  com.github.fakemongo.FongoConnection - updateCommand() namespace:test-db.team updates:[com.mongodb.bulk.UpdateRequest@3d01c301]
2019-05-03 16:15:05,490 INFO  com.github.fakemongo.FongoConnection - release()
2019-05-03 16:15:05,491 INFO  com.github.fakemongo.FongoConnection - updateCommand() namespace:test-db.team updates:[com.mongodb.bulk.UpdateRequest@7ed5d439]
2019-05-03 16:15:05,493 INFO  com.github.fakemongo.FongoConnection - release()
2019-05-03 16:15:05,497 INFO  com.github.fakemongo.FongoConnection - updateCommand() namespace:test-db.scope updates:[com.mongodb.bulk.UpdateRequest@35c7c5e]
2019-05-03 16:15:05,499 INFO  com.github.fakemongo.FongoConnection - release()
2019-05-03 16:15:05,521 INFO  c.c.d.collector.FeatureCollectorTask - Adding :137001-Project 3 updated
2019-05-03 16:15:05,524 INFO  com.github.fakemongo.FongoConnection - updateCommand() namespace:test-db.scope updates:[com.mongodb.bulk.UpdateRequest@6cef7928]
2019-05-03 16:15:05,525 INFO  com.github.fakemongo.FongoConnection - release()
2019-05-03 16:15:05,527 INFO  c.c.d.collector.CollectorTask - Project Data Collected  1        0s
2019-05-03 16:15:05,568 INFO  com.github.fakemongo.FongoConnection - updateCommand() namespace:test-db.collectors updates:[com.mongodb.bulk.UpdateRequest@53db4ff8]
2019-05-03 16:15:05,569 INFO  com.github.fakemongo.FongoConnection - release()
2019-05-03 16:15:05,572 INFO  com.github.fakemongo.FongoConnection - updateCommand() namespace:test-db.team updates:[com.mongodb.bulk.UpdateRequest@6effce89]
2019-05-03 16:15:05,573 INFO  com.github.fakemongo.FongoConnection - release()
2019-05-03 16:15:05,574 INFO  com.github.fakemongo.FongoConnection - updateCommand() namespace:test-db.team updates:[com.mongodb.bulk.UpdateRequest@234e9716]
2019-05-03 16:15:05,575 INFO  com.github.fakemongo.FongoConnection - release()
2019-05-03 16:15:05,577 INFO  com.github.fakemongo.FongoConnection - updateCommand() namespace:test-db.scope updates:[com.mongodb.bulk.UpdateRequest@5cddf9cd]
2019-05-03 16:15:05,578 INFO  com.github.fakemongo.FongoConnection - release()
2019-05-03 16:15:05,582 INFO  c.c.d.collector.FeatureCollectorTask - Adding :11500-Project 2
2019-05-03 16:15:05,584 INFO  c.c.d.collector.FeatureCollectorTask - Adding :13700-Project 1
2019-05-03 16:15:05,586 INFO  c.c.d.collector.CollectorTask - Project Data Collected  2        0s
2019-05-03 16:15:05,588 INFO  c.c.d.collector.FeatureCollectorTask - Deleting :137001-Project 3
2019-05-03 16:15:05,592 INFO  c.c.d.collector.CollectorTask - Project Data Collected. Deleted  1        0s
2019-05-03 16:15:05,599 INFO  com.github.fakemongo.FongoConnection - updateCommand() namespace:test-db.collectors updates:[com.mongodb.bulk.UpdateRequest@799f23e6]
2019-05-03 16:15:05,601 INFO  com.github.fakemongo.FongoConnection - release()
2019-05-03 16:15:05,603 INFO  com.github.fakemongo.FongoConnection - updateCommand() namespace:test-db.team updates:[com.mongodb.bulk.UpdateRequest@20688376]
2019-05-03 16:15:05,604 INFO  com.github.fakemongo.FongoConnection - release()
2019-05-03 16:15:05,605 INFO  com.github.fakemongo.FongoConnection - updateCommand() namespace:test-db.team updates:[com.mongodb.bulk.UpdateRequest@16a5b2ce]
2019-05-03 16:15:05,606 INFO  com.github.fakemongo.FongoConnection - release()
2019-05-03 16:15:05,607 INFO  com.github.fakemongo.FongoConnection - updateCommand() namespace:test-db.scope updates:[com.mongodb.bulk.UpdateRequest@1f2fa123]
2019-05-03 16:15:05,608 INFO  com.github.fakemongo.FongoConnection - release()
2019-05-03 16:15:05,613 INFO  c.c.d.collector.DefaultJiraClient - JIRA Collector collected 4 boards
2019-05-03 16:15:05,623 INFO  c.c.d.collector.FeatureCollectorTask - Adding Board:8-TtestBoard scrum 1
2019-05-03 16:15:05,625 INFO  c.c.d.collector.FeatureCollectorTask - Adding Board:16-TestBoard scrum  2
2019-05-03 16:15:05,626 INFO  c.c.d.collector.FeatureCollectorTask - Adding Board:17-TestBoard kanban 1
2019-05-03 16:15:05,627 INFO  c.c.d.collector.FeatureCollectorTask - Adding Board:125-TestBoard kanban 2
2019-05-03 16:15:05,628 INFO  c.c.d.collector.CollectorTask - Board Data Collected. Added  4        0s
2019-05-03 16:15:05,632 INFO  c.c.d.collector.FeatureCollectorTask - Deleting Board:998-TestBoard kanban 1
2019-05-03 16:15:05,632 INFO  c.c.d.collector.FeatureCollectorTask - Deleting Board:999-TestBoard kanban 3
2019-05-03 16:15:05,634 INFO  c.c.d.collector.CollectorTask - Board Data Collected. Deleted  2        0s
2019-05-03 16:15:05,639 INFO  com.github.fakemongo.FongoConnection - updateCommand() namespace:test-db.collectors updates:[com.mongodb.bulk.UpdateRequest@6e7c539d]
2019-05-03 16:15:05,640 INFO  com.github.fakemongo.FongoConnection - release()
2019-05-03 16:15:05,643 INFO  com.github.fakemongo.FongoConnection - updateCommand() namespace:test-db.team updates:[com.mongodb.bulk.UpdateRequest@9c125f4]
2019-05-03 16:15:05,644 INFO  com.github.fakemongo.FongoConnection - release()
2019-05-03 16:15:05,646 INFO  com.github.fakemongo.FongoConnection - updateCommand() namespace:test-db.team updates:[com.mongodb.bulk.UpdateRequest@2a5ae8d4]
2019-05-03 16:15:05,648 INFO  com.github.fakemongo.FongoConnection - release()
2019-05-03 16:15:05,651 INFO  com.github.fakemongo.FongoConnection - updateCommand() namespace:test-db.scope updates:[com.mongodb.bulk.UpdateRequest@36d685d5]
2019-05-03 16:15:05,653 INFO  com.github.fakemongo.FongoConnection - release()
2019-05-03 16:15:05,664 INFO  c.c.d.collector.FeatureCollectorTask - Collecting 1 of 6 boards.
2019-05-03 16:15:05,667 INFO  c.c.d.collector.CollectorTask - Story Data Collected since 1970-01-01T05:30 0        0s
2019-05-03 16:15:05,668 INFO  com.github.fakemongo.FongoConnection - updateCommand() namespace:test-db.team updates:[com.mongodb.bulk.UpdateRequest@7c8fe8cd]
2019-05-03 16:15:05,669 INFO  com.github.fakemongo.FongoConnection - release()
2019-05-03 16:15:05,670 INFO  c.c.d.collector.FeatureCollectorTask - Collecting 2 of 6 boards.
2019-05-03 16:15:05,670 INFO  c.c.d.collector.CollectorTask - Story Data Collected since 1970-01-01T05:30 0        0s
2019-05-03 16:15:05,671 INFO  com.github.fakemongo.FongoConnection - updateCommand() namespace:test-db.team updates:[com.mongodb.bulk.UpdateRequest@3402f41a]
2019-05-03 16:15:05,672 INFO  com.github.fakemongo.FongoConnection - release()
2019-05-03 16:15:05,673 INFO  c.c.d.collector.FeatureCollectorTask - Collecting 3 of 6 boards.
2019-05-03 16:15:05,673 INFO  c.c.d.collector.CollectorTask - Story Data Collected since 1970-01-01T05:30 0        0s
2019-05-03 16:15:05,674 INFO  com.github.fakemongo.FongoConnection - updateCommand() namespace:test-db.team updates:[com.mongodb.bulk.UpdateRequest@580d7c1f]
2019-05-03 16:15:05,675 INFO  com.github.fakemongo.FongoConnection - release()
2019-05-03 16:15:05,675 INFO  c.c.d.collector.FeatureCollectorTask - Collecting 4 of 6 boards.
2019-05-03 16:15:05,676 INFO  c.c.d.collector.CollectorTask - Story Data Collected since 1970-01-01T05:30 0        0s
2019-05-03 16:15:05,677 INFO  com.github.fakemongo.FongoConnection - updateCommand() namespace:test-db.team updates:[com.mongodb.bulk.UpdateRequest@6114a516]
2019-05-03 16:15:05,679 INFO  com.github.fakemongo.FongoConnection - release()
2019-05-03 16:15:05,680 INFO  c.c.d.collector.FeatureCollectorTask - Collecting 5 of 6 boards.
2019-05-03 16:15:05,681 INFO  c.c.d.collector.CollectorTask - Story Data Collected since 1970-01-01T05:30 0        0s
2019-05-03 16:15:05,683 INFO  com.github.fakemongo.FongoConnection - updateCommand() namespace:test-db.team updates:[com.mongodb.bulk.UpdateRequest@41df7a0c]
2019-05-03 16:15:05,685 INFO  com.github.fakemongo.FongoConnection - release()
2019-05-03 16:15:05,685 INFO  c.c.d.collector.FeatureCollectorTask - Collecting 6 of 6 boards.
2019-05-03 16:15:05,694 INFO  c.c.d.collector.CollectorTask - Story Data Collected since 1970-01-01T05:30 1        0s
2019-05-03 16:15:05,695 INFO  com.github.fakemongo.FongoConnection - updateCommand() namespace:test-db.team updates:[com.mongodb.bulk.UpdateRequest@23314f61]
2019-05-03 16:15:05,696 INFO  com.github.fakemongo.FongoConnection - release()
2019-05-03 16:15:05,722 INFO  com.github.fakemongo.FongoConnection - updateCommand() namespace:test-db.collectors updates:[com.mongodb.bulk.UpdateRequest@35a02217]
2019-05-03 16:15:05,723 INFO  com.github.fakemongo.FongoConnection - release()
2019-05-03 16:15:05,725 INFO  com.github.fakemongo.FongoConnection - updateCommand() namespace:test-db.team updates:[com.mongodb.bulk.UpdateRequest@e6f8674]
2019-05-03 16:15:05,726 INFO  com.github.fakemongo.FongoConnection - release()
2019-05-03 16:15:05,726 INFO  com.github.fakemongo.FongoConnection - updateCommand() namespace:test-db.team updates:[com.mongodb.bulk.UpdateRequest@7a6e2815]
2019-05-03 16:15:05,727 INFO  com.github.fakemongo.FongoConnection - release()
2019-05-03 16:15:05,729 INFO  com.github.fakemongo.FongoConnection - updateCommand() namespace:test-db.scope updates:[com.mongodb.bulk.UpdateRequest@7fcd6585]
2019-05-03 16:15:05,729 INFO  com.github.fakemongo.FongoConnection - release()
2019-05-03 16:15:05,733 INFO  c.c.d.collector.DefaultJiraClient - JIRA Collector collected 1 boards
2019-05-03 16:15:05,733 INFO  c.c.d.collector.FeatureCollectorTask - Adding Board:998-TestBoard kanban Existing 1
2019-05-03 16:15:05,734 INFO  com.github.fakemongo.FongoConnection - updateCommand() namespace:test-db.team updates:[com.mongodb.bulk.UpdateRequest@4bc940f1]
2019-05-03 16:15:05,735 INFO  com.github.fakemongo.FongoConnection - release()
2019-05-03 16:15:05,735 INFO  c.c.d.collector.CollectorTask - Board Data Collected. Added  1        0s
2019-05-03 16:15:05,738 INFO  c.c.d.collector.FeatureCollectorTask - Deleting Board:125-TestBoard kanban 2
2019-05-03 16:15:05,738 INFO  c.c.d.collector.FeatureCollectorTask - Deleting Board:16-TestBoard scrum  2
2019-05-03 16:15:05,738 INFO  c.c.d.collector.FeatureCollectorTask - Deleting Board:17-TestBoard kanban 1
2019-05-03 16:15:05,738 INFO  c.c.d.collector.FeatureCollectorTask - Deleting Board:8-TtestBoard scrum 1
2019-05-03 16:15:05,738 INFO  c.c.d.collector.FeatureCollectorTask - Deleting Board:999-TestBoard kanban 3
2019-05-03 16:15:05,741 INFO  c.c.d.collector.CollectorTask - Board Data Collected. Deleted  5        0s
2019-05-03 16:15:05,746 INFO  com.github.fakemongo.FongoConnection - updateCommand() namespace:test-db.collectors updates:[com.mongodb.bulk.UpdateRequest@26b730f3]
2019-05-03 16:15:05,747 INFO  com.github.fakemongo.FongoConnection - release()
2019-05-03 16:15:05,749 INFO  com.github.fakemongo.FongoConnection - updateCommand() namespace:test-db.team updates:[com.mongodb.bulk.UpdateRequest@136bb4b]
2019-05-03 16:15:05,750 INFO  com.github.fakemongo.FongoConnection - release()
2019-05-03 16:15:05,750 INFO  com.github.fakemongo.FongoConnection - updateCommand() namespace:test-db.team updates:[com.mongodb.bulk.UpdateRequest@1e992336]
2019-05-03 16:15:05,751 INFO  com.github.fakemongo.FongoConnection - release()
2019-05-03 16:15:05,752 INFO  com.github.fakemongo.FongoConnection - updateCommand() namespace:test-db.scope updates:[com.mongodb.bulk.UpdateRequest@78978a2b]
2019-05-03 16:15:05,753 INFO  com.github.fakemongo.FongoConnection - release()
2019-05-03 16:15:05,756 INFO  c.c.d.collector.CollectorTask - -----------------------------------
2019-05-03 16:15:05,757 INFO  c.c.d.collector.CollectorTask - https://jira.com/
2019-05-03 16:15:05,757 INFO  c.c.d.collector.CollectorTask - -----------------------------------
2019-05-03 16:15:05,757 INFO  c.c.d.collector.FeatureCollectorTask - JIRA Collector is set to work in Board mode
2019-05-03 16:15:05,757 INFO  c.c.d.collector.FeatureCollectorTask - Hours since last run = 2678. Collector is about to refresh Team/Board information
2019-05-03 16:15:05,758 INFO  c.c.d.collector.DefaultJiraClient - JIRA Collector collected 4 boards
2019-05-03 16:15:05,758 INFO  c.c.d.collector.FeatureCollectorTask - Adding Board:8-TtestBoard scrum 1
2019-05-03 16:15:05,759 INFO  c.c.d.collector.FeatureCollectorTask - Adding Board:16-TestBoard scrum  2
2019-05-03 16:15:05,760 INFO  c.c.d.collector.FeatureCollectorTask - Adding Board:17-TestBoard kanban 1
2019-05-03 16:15:05,761 INFO  c.c.d.collector.FeatureCollectorTask - Adding Board:125-TestBoard kanban 2
2019-05-03 16:15:05,761 INFO  c.c.d.collector.CollectorTask - Board Data Collected. Added  4        0s
2019-05-03 16:15:05,763 INFO  c.c.d.collector.FeatureCollectorTask - Deleting Board:998-TestBoard kanban 1
2019-05-03 16:15:05,764 INFO  c.c.d.collector.FeatureCollectorTask - Deleting Board:999-TestBoard kanban 3
2019-05-03 16:15:05,765 INFO  c.c.d.collector.CollectorTask - Board Data Collected. Deleted  2        0s
2019-05-03 16:15:05,766 INFO  c.c.d.collector.FeatureCollectorTask - Adding :11500-Project 2
2019-05-03 16:15:05,768 INFO  com.github.fakemongo.FongoConnection - updateCommand() namespace:test-db.scope updates:[com.mongodb.bulk.UpdateRequest@62061bec]
2019-05-03 16:15:05,769 INFO  com.github.fakemongo.FongoConnection - release()
2019-05-03 16:15:05,769 INFO  c.c.d.collector.FeatureCollectorTask - Adding :13700-Project 1
2019-05-03 16:15:05,770 INFO  com.github.fakemongo.FongoConnection - updateCommand() namespace:test-db.scope updates:[com.mongodb.bulk.UpdateRequest@35d10409]
2019-05-03 16:15:05,771 INFO  com.github.fakemongo.FongoConnection - release()
2019-05-03 16:15:05,772 INFO  c.c.d.collector.CollectorTask - Project Data Collected  2        0s
2019-05-03 16:15:05,773 INFO  c.c.d.collector.FeatureCollectorTask - Deleting :137001-Project 3
2019-05-03 16:15:05,773 INFO  c.c.d.collector.CollectorTask - Project Data Collected. Deleted  1        0s
2019-05-03 16:15:05,775 INFO  c.c.d.collector.FeatureCollectorTask - Refreshing issues for Board ID:8
2019-05-03 16:15:05,777 INFO  c.c.d.collector.FeatureCollectorTask - Refreshing issues for Board ID:16
2019-05-03 16:15:05,779 INFO  c.c.d.collector.FeatureCollectorTask - Refreshing issues for Board ID:17
2019-05-03 16:15:05,779 INFO  c.c.d.collector.FeatureCollectorTask - Refreshing issues for Board ID:125
2019-05-03 16:15:05,780 INFO  c.c.d.collector.CollectorTask - Board Issues Refreshed           0s
2019-05-03 16:15:05,782 INFO  com.github.fakemongo.FongoConnection - updateCommand() namespace:test-db.collectors updates:[com.mongodb.bulk.UpdateRequest@3e180ef1]
2019-05-03 16:15:05,783 INFO  com.github.fakemongo.FongoConnection - release()
2019-05-03 16:15:05,783 INFO  c.c.d.collector.FeatureCollectorTask - Collected 4 teams and 2 projects
2019-05-03 16:15:05,785 INFO  c.c.d.collector.FeatureCollectorTask - Collecting 1 of 4 boards.
2019-05-03 16:15:05,786 INFO  c.c.d.collector.CollectorTask - Story Data Collected since 1970-01-01T05:30 0        0s
2019-05-03 16:15:05,786 INFO  com.github.fakemongo.FongoConnection - updateCommand() namespace:test-db.team updates:[com.mongodb.bulk.UpdateRequest@5b0ed695]
2019-05-03 16:15:05,787 INFO  com.github.fakemongo.FongoConnection - release()
2019-05-03 16:15:05,787 INFO  c.c.d.collector.FeatureCollectorTask - Collecting 2 of 4 boards.
2019-05-03 16:15:05,788 INFO  c.c.d.collector.CollectorTask - Story Data Collected since 1970-01-01T05:30 0        0s
2019-05-03 16:15:05,788 INFO  com.github.fakemongo.FongoConnection - updateCommand() namespace:test-db.team updates:[com.mongodb.bulk.UpdateRequest@108eb810]
2019-05-03 16:15:05,789 INFO  com.github.fakemongo.FongoConnection - release()
2019-05-03 16:15:05,789 INFO  c.c.d.collector.FeatureCollectorTask - Collecting 3 of 4 boards.
2019-05-03 16:15:05,790 INFO  c.c.d.collector.CollectorTask - Story Data Collected since 1970-01-01T05:30 0        0s
2019-05-03 16:15:05,790 INFO  com.github.fakemongo.FongoConnection - updateCommand() namespace:test-db.team updates:[com.mongodb.bulk.UpdateRequest@7f4e26a3]
2019-05-03 16:15:05,791 INFO  com.github.fakemongo.FongoConnection - release()
2019-05-03 16:15:05,792 INFO  c.c.d.collector.FeatureCollectorTask - Collecting 4 of 4 boards.
2019-05-03 16:15:05,792 INFO  c.c.d.collector.CollectorTask - Story Data Collected since 1970-01-01T05:30 0        0s
2019-05-03 16:15:05,793 INFO  com.github.fakemongo.FongoConnection - updateCommand() namespace:test-db.team updates:[com.mongodb.bulk.UpdateRequest@1dfc03d]
2019-05-03 16:15:05,794 INFO  com.github.fakemongo.FongoConnection - release()
2019-05-03 16:15:05,794 INFO  c.c.d.collector.CollectorTask - Finished                         0s
2019-05-03 16:15:05,800 INFO  com.github.fakemongo.FongoConnection - updateCommand() namespace:test-db.collectors updates:[com.mongodb.bulk.UpdateRequest@49e3675c]
2019-05-03 16:15:05,801 INFO  com.github.fakemongo.FongoConnection - release()
2019-05-03 16:15:05,803 INFO  com.github.fakemongo.FongoConnection - updateCommand() namespace:test-db.team updates:[com.mongodb.bulk.UpdateRequest@47962bfd]
2019-05-03 16:15:05,803 INFO  com.github.fakemongo.FongoConnection - release()
2019-05-03 16:15:05,804 INFO  com.github.fakemongo.FongoConnection - updateCommand() namespace:test-db.team updates:[com.mongodb.bulk.UpdateRequest@3837d51a]
2019-05-03 16:15:05,805 INFO  com.github.fakemongo.FongoConnection - release()
2019-05-03 16:15:05,807 INFO  com.github.fakemongo.FongoConnection - updateCommand() namespace:test-db.scope updates:[com.mongodb.bulk.UpdateRequest@5434c18d]
2019-05-03 16:15:05,808 INFO  com.github.fakemongo.FongoConnection - release()
2019-05-03 16:15:05,813 INFO  c.c.d.collector.FeatureCollectorTask - Collecting 1 of 6 boards.
2019-05-03 16:15:05,814 INFO  c.c.d.collector.CollectorTask - Story Data Collected since 2019-05-03T16:15:05.785 0        0s
2019-05-03 16:15:05,814 INFO  com.github.fakemongo.FongoConnection - updateCommand() namespace:test-db.team updates:[com.mongodb.bulk.UpdateRequest@6bf95d0]
2019-05-03 16:15:05,815 INFO  com.github.fakemongo.FongoConnection - release()
2019-05-03 16:15:05,815 INFO  c.c.d.collector.FeatureCollectorTask - Collecting 2 of 6 boards.
2019-05-03 16:15:05,815 INFO  c.c.d.collector.CollectorTask - Story Data Collected since 2019-05-03T16:15:05.787 0        0s
2019-05-03 16:15:05,816 INFO  com.github.fakemongo.FongoConnection - updateCommand() namespace:test-db.team updates:[com.mongodb.bulk.UpdateRequest@70809f39]
2019-05-03 16:15:05,816 INFO  com.github.fakemongo.FongoConnection - release()
2019-05-03 16:15:05,816 INFO  c.c.d.collector.FeatureCollectorTask - Collecting 3 of 6 boards.
2019-05-03 16:15:05,817 INFO  c.c.d.collector.CollectorTask - Story Data Collected since 2019-05-03T16:15:05.789 0        0s
2019-05-03 16:15:05,817 INFO  com.github.fakemongo.FongoConnection - updateCommand() namespace:test-db.team updates:[com.mongodb.bulk.UpdateRequest@76991b36]
2019-05-03 16:15:05,818 INFO  com.github.fakemongo.FongoConnection - release()
2019-05-03 16:15:05,818 INFO  c.c.d.collector.FeatureCollectorTask - Collecting 4 of 6 boards.
2019-05-03 16:15:05,818 INFO  c.c.d.collector.CollectorTask - Story Data Collected since 2019-05-03T16:15:05.792 0        0s
2019-05-03 16:15:05,819 INFO  com.github.fakemongo.FongoConnection - updateCommand() namespace:test-db.team updates:[com.mongodb.bulk.UpdateRequest@45384c1]
2019-05-03 16:15:05,819 INFO  com.github.fakemongo.FongoConnection - release()
2019-05-03 16:15:05,820 INFO  c.c.d.collector.FeatureCollectorTask - Collecting 5 of 6 boards.
2019-05-03 16:15:05,820 INFO  c.c.d.collector.CollectorTask - Story Data Collected since 1970-01-01T05:30 0        0s
2019-05-03 16:15:05,821 INFO  com.github.fakemongo.FongoConnection - updateCommand() namespace:test-db.team updates:[com.mongodb.bulk.UpdateRequest@7eb8908e]
2019-05-03 16:15:05,821 INFO  com.github.fakemongo.FongoConnection - release()
2019-05-03 16:15:05,821 INFO  c.c.d.collector.FeatureCollectorTask - Collecting 6 of 6 boards.
2019-05-03 16:15:05,824 INFO  com.github.fakemongo.FongoConnection - updateCommand() namespace:test-db.feature updates:[com.mongodb.bulk.UpdateRequest@34cb4bec]
2019-05-03 16:15:05,826 INFO  com.github.fakemongo.FongoConnection - release()
2019-05-03 16:15:05,829 INFO  com.github.fakemongo.FongoConnection - updateCommand() namespace:test-db.feature updates:[com.mongodb.bulk.UpdateRequest@465f0b6c]
2019-05-03 16:15:05,830 INFO  com.github.fakemongo.FongoConnection - release()
2019-05-03 16:15:05,831 INFO  c.c.d.collector.CollectorTask - Story Data Collected since 1970-01-01T05:30 1        0s
2019-05-03 16:15:05,831 INFO  com.github.fakemongo.FongoConnection - updateCommand() namespace:test-db.team updates:[com.mongodb.bulk.UpdateRequest@53842018]
2019-05-03 16:15:05,832 INFO  com.github.fakemongo.FongoConnection - release()
2019-05-03 16:15:05,854 INFO  com.github.fakemongo.FongoConnection - updateCommand() namespace:test-db.collectors updates:[com.mongodb.bulk.UpdateRequest@2446bd09]
2019-05-03 16:15:05,855 INFO  com.github.fakemongo.FongoConnection - release()
2019-05-03 16:15:05,857 INFO  com.github.fakemongo.FongoConnection - updateCommand() namespace:test-db.team updates:[com.mongodb.bulk.UpdateRequest@1627e0c1]
2019-05-03 16:15:05,858 INFO  com.github.fakemongo.FongoConnection - release()
2019-05-03 16:15:05,859 INFO  com.github.fakemongo.FongoConnection - updateCommand() namespace:test-db.team updates:[com.mongodb.bulk.UpdateRequest@2b99c80d]
2019-05-03 16:15:05,859 INFO  com.github.fakemongo.FongoConnection - release()
2019-05-03 16:15:05,861 INFO  com.github.fakemongo.FongoConnection - updateCommand() namespace:test-db.scope updates:[com.mongodb.bulk.UpdateRequest@7b609fa2]
2019-05-03 16:15:05,862 INFO  com.github.fakemongo.FongoConnection - release()
2019-05-03 16:15:05,871 INFO  c.c.d.collector.FeatureCollectorTask - Collecting 1 of 6 boards.
2019-05-03 16:15:05,872 INFO  c.c.d.collector.CollectorTask - Story Data Collected since 2019-05-03T16:15:05.813 0        0s
2019-05-03 16:15:05,873 INFO  com.github.fakemongo.FongoConnection - updateCommand() namespace:test-db.team updates:[com.mongodb.bulk.UpdateRequest@43d71f50]
2019-05-03 16:15:05,875 INFO  com.github.fakemongo.FongoConnection - release()
2019-05-03 16:15:05,876 INFO  c.c.d.collector.FeatureCollectorTask - Collecting 2 of 6 boards.
2019-05-03 16:15:05,877 INFO  c.c.d.collector.CollectorTask - Story Data Collected since 2019-05-03T16:15:05.815 0        0s
2019-05-03 16:15:05,878 INFO  com.github.fakemongo.FongoConnection - updateCommand() namespace:test-db.team updates:[com.mongodb.bulk.UpdateRequest@26eb6e87]
2019-05-03 16:15:05,879 INFO  com.github.fakemongo.FongoConnection - release()
2019-05-03 16:15:05,879 INFO  c.c.d.collector.FeatureCollectorTask - Collecting 3 of 6 boards.
2019-05-03 16:15:05,880 INFO  c.c.d.collector.CollectorTask - Story Data Collected since 2019-05-03T16:15:05.817 0        0s
2019-05-03 16:15:05,880 INFO  com.github.fakemongo.FongoConnection - updateCommand() namespace:test-db.team updates:[com.mongodb.bulk.UpdateRequest@59096877]
2019-05-03 16:15:05,881 INFO  com.github.fakemongo.FongoConnection - release()
2019-05-03 16:15:05,882 INFO  c.c.d.collector.FeatureCollectorTask - Collecting 4 of 6 boards.
2019-05-03 16:15:05,882 INFO  c.c.d.collector.CollectorTask - Story Data Collected since 2019-05-03T16:15:05.818 0        0s
2019-05-03 16:15:05,883 INFO  com.github.fakemongo.FongoConnection - updateCommand() namespace:test-db.team updates:[com.mongodb.bulk.UpdateRequest@4d1b2e3f]
2019-05-03 16:15:05,883 INFO  com.github.fakemongo.FongoConnection - release()
2019-05-03 16:15:05,883 INFO  c.c.d.collector.FeatureCollectorTask - Collecting 5 of 6 boards.
2019-05-03 16:15:05,884 INFO  c.c.d.collector.CollectorTask - Story Data Collected since 1970-01-01T05:30 0        0s
2019-05-03 16:15:05,884 INFO  com.github.fakemongo.FongoConnection - updateCommand() namespace:test-db.team updates:[com.mongodb.bulk.UpdateRequest@36cd8553]
2019-05-03 16:15:05,885 INFO  com.github.fakemongo.FongoConnection - release()
2019-05-03 16:15:05,885 INFO  c.c.d.collector.FeatureCollectorTask - Collecting 6 of 6 boards.
2019-05-03 16:15:05,889 INFO  com.github.fakemongo.FongoConnection - updateCommand() namespace:test-db.feature updates:[com.mongodb.bulk.UpdateRequest@4d097e4e]
2019-05-03 16:15:05,890 INFO  com.github.fakemongo.FongoConnection - release()
2019-05-03 16:15:05,891 INFO  com.github.fakemongo.FongoConnection - updateCommand() namespace:test-db.feature updates:[com.mongodb.bulk.UpdateRequest@26f8e09e]
2019-05-03 16:15:05,892 INFO  com.github.fakemongo.FongoConnection - release()
2019-05-03 16:15:05,892 INFO  c.c.d.collector.CollectorTask - Story Data Collected since 1970-01-01T05:30 1        0s
2019-05-03 16:15:05,893 INFO  com.github.fakemongo.FongoConnection - updateCommand() namespace:test-db.team updates:[com.mongodb.bulk.UpdateRequest@41244e49]
2019-05-03 16:15:05,893 INFO  com.github.fakemongo.FongoConnection - release()
2019-05-03 16:15:05,917 INFO  com.github.fakemongo.FongoConnection - updateCommand() namespace:test-db.collectors updates:[com.mongodb.bulk.UpdateRequest@152e15ea]
2019-05-03 16:15:05,918 INFO  com.github.fakemongo.FongoConnection - release()
2019-05-03 16:15:05,919 INFO  com.github.fakemongo.FongoConnection - updateCommand() namespace:test-db.team updates:[com.mongodb.bulk.UpdateRequest@761b5700]
2019-05-03 16:15:05,920 INFO  com.github.fakemongo.FongoConnection - release()
2019-05-03 16:15:05,920 INFO  com.github.fakemongo.FongoConnection - updateCommand() namespace:test-db.team updates:[com.mongodb.bulk.UpdateRequest@7cd1d235]
2019-05-03 16:15:05,921 INFO  com.github.fakemongo.FongoConnection - release()
2019-05-03 16:15:05,923 INFO  com.github.fakemongo.FongoConnection - updateCommand() namespace:test-db.scope updates:[com.mongodb.bulk.UpdateRequest@1736262a]
2019-05-03 16:15:05,923 INFO  com.github.fakemongo.FongoConnection - release()
2019-05-03 16:15:05,931 INFO  c.c.d.collector.FeatureCollectorTask - Collecting 1 of 6 boards.
2019-05-03 16:15:05,932 INFO  c.c.d.collector.CollectorTask - Story Data Collected since 2019-05-03T16:15:05.872 0        0s
2019-05-03 16:15:05,933 INFO  com.github.fakemongo.FongoConnection - updateCommand() namespace:test-db.team updates:[com.mongodb.bulk.UpdateRequest@7252e063]
2019-05-03 16:15:05,933 INFO  com.github.fakemongo.FongoConnection - release()
2019-05-03 16:15:05,934 INFO  c.c.d.collector.FeatureCollectorTask - Collecting 2 of 6 boards.
2019-05-03 16:15:05,934 INFO  c.c.d.collector.CollectorTask - Story Data Collected since 2019-05-03T16:15:05.876 0        0s
2019-05-03 16:15:05,935 INFO  com.github.fakemongo.FongoConnection - updateCommand() namespace:test-db.team updates:[com.mongodb.bulk.UpdateRequest@5edd0a7e]
2019-05-03 16:15:05,936 INFO  com.github.fakemongo.FongoConnection - release()
2019-05-03 16:15:05,936 INFO  c.c.d.collector.FeatureCollectorTask - Collecting 3 of 6 boards.
2019-05-03 16:15:05,937 INFO  c.c.d.collector.CollectorTask - Story Data Collected since 2019-05-03T16:15:05.879 0        0s
2019-05-03 16:15:05,937 INFO  com.github.fakemongo.FongoConnection - updateCommand() namespace:test-db.team updates:[com.mongodb.bulk.UpdateRequest@2c6f2bea]
2019-05-03 16:15:05,938 INFO  com.github.fakemongo.FongoConnection - release()
2019-05-03 16:15:05,938 INFO  c.c.d.collector.FeatureCollectorTask - Collecting 4 of 6 boards.
2019-05-03 16:15:05,938 INFO  c.c.d.collector.CollectorTask - Story Data Collected since 2019-05-03T16:15:05.882 0        0s
2019-05-03 16:15:05,939 INFO  com.github.fakemongo.FongoConnection - updateCommand() namespace:test-db.team updates:[com.mongodb.bulk.UpdateRequest@ace5f3b]
2019-05-03 16:15:05,939 INFO  com.github.fakemongo.FongoConnection - release()
2019-05-03 16:15:05,939 INFO  c.c.d.collector.FeatureCollectorTask - Collecting 5 of 6 boards.
2019-05-03 16:15:05,940 INFO  c.c.d.collector.CollectorTask - Story Data Collected since 1970-01-01T05:30 0        0s
2019-05-03 16:15:05,940 INFO  com.github.fakemongo.FongoConnection - updateCommand() namespace:test-db.team updates:[com.mongodb.bulk.UpdateRequest@6ffae7f9]
2019-05-03 16:15:05,941 INFO  com.github.fakemongo.FongoConnection - release()
2019-05-03 16:15:05,941 INFO  c.c.d.collector.FeatureCollectorTask - Collecting 6 of 6 boards.
2019-05-03 16:15:05,944 INFO  com.github.fakemongo.FongoConnection - updateCommand() namespace:test-db.feature updates:[com.mongodb.bulk.UpdateRequest@c27de3b]
2019-05-03 16:15:05,947 INFO  com.github.fakemongo.FongoConnection - release()
2019-05-03 16:15:05,950 INFO  com.github.fakemongo.FongoConnection - updateCommand() namespace:test-db.feature updates:[com.mongodb.bulk.UpdateRequest@1ee3ad6]
2019-05-03 16:15:05,951 INFO  com.github.fakemongo.FongoConnection - release()
2019-05-03 16:15:05,951 INFO  c.c.d.collector.CollectorTask - Story Data Collected since 1970-01-01T05:30 1        0s
2019-05-03 16:15:05,952 INFO  com.github.fakemongo.FongoConnection - updateCommand() namespace:test-db.team updates:[com.mongodb.bulk.UpdateRequest@338afad6]
2019-05-03 16:15:05,952 INFO  com.github.fakemongo.FongoConnection - release()
2019-05-03 16:15:05,977 INFO  com.github.fakemongo.FongoConnection - updateCommand() namespace:test-db.collectors updates:[com.mongodb.bulk.UpdateRequest@2de22551]
2019-05-03 16:15:05,978 INFO  com.github.fakemongo.FongoConnection - release()
2019-05-03 16:15:05,980 INFO  com.github.fakemongo.FongoConnection - updateCommand() namespace:test-db.team updates:[com.mongodb.bulk.UpdateRequest@4c59af34]
2019-05-03 16:15:05,981 INFO  com.github.fakemongo.FongoConnection - release()
2019-05-03 16:15:05,981 INFO  com.github.fakemongo.FongoConnection - updateCommand() namespace:test-db.team updates:[com.mongodb.bulk.UpdateRequest@1eb84ea6]
2019-05-03 16:15:05,981 INFO  com.github.fakemongo.FongoConnection - release()
2019-05-03 16:15:05,983 INFO  com.github.fakemongo.FongoConnection - updateCommand() namespace:test-db.scope updates:[com.mongodb.bulk.UpdateRequest@5a00dab7]
2019-05-03 16:15:05,983 INFO  com.github.fakemongo.FongoConnection - release()
2019-05-03 16:15:05,986 INFO  c.c.d.collector.CollectorTask - -----------------------------------
2019-05-03 16:15:05,986 INFO  c.c.d.collector.CollectorTask - https://jira.com/
2019-05-03 16:15:05,986 INFO  c.c.d.collector.CollectorTask - -----------------------------------
2019-05-03 16:15:05,986 INFO  c.c.d.collector.FeatureCollectorTask - JIRA Collector is set to work in Board mode
2019-05-03 16:15:05,986 INFO  c.c.d.collector.FeatureCollectorTask - Hours since last run = 2678. Collector is about to refresh Team/Board information
2019-05-03 16:15:05,987 INFO  c.c.d.collector.DefaultJiraClient - JIRA Collector collected 4 boards
2019-05-03 16:15:05,987 INFO  c.c.d.collector.FeatureCollectorTask - Adding Board:8-TtestBoard scrum 1
2019-05-03 16:15:05,988 INFO  com.github.fakemongo.FongoConnection - updateCommand() namespace:test-db.team updates:[com.mongodb.bulk.UpdateRequest@6674a40b]
2019-05-03 16:15:05,988 INFO  com.github.fakemongo.FongoConnection - release()
2019-05-03 16:15:05,988 INFO  c.c.d.collector.FeatureCollectorTask - Adding Board:16-TestBoard scrum  2
2019-05-03 16:15:05,989 INFO  com.github.fakemongo.FongoConnection - updateCommand() namespace:test-db.team updates:[com.mongodb.bulk.UpdateRequest@67d587fe]
2019-05-03 16:15:05,990 INFO  com.github.fakemongo.FongoConnection - release()
2019-05-03 16:15:05,990 INFO  c.c.d.collector.FeatureCollectorTask - Adding Board:17-TestBoard kanban 1
2019-05-03 16:15:05,991 INFO  com.github.fakemongo.FongoConnection - updateCommand() namespace:test-db.team updates:[com.mongodb.bulk.UpdateRequest@3bc428dc]
2019-05-03 16:15:05,992 INFO  com.github.fakemongo.FongoConnection - release()
2019-05-03 16:15:05,993 INFO  c.c.d.collector.FeatureCollectorTask - Adding Board:125-TestBoard kanban 2
2019-05-03 16:15:05,994 INFO  com.github.fakemongo.FongoConnection - updateCommand() namespace:test-db.team updates:[com.mongodb.bulk.UpdateRequest@67cd9871]
2019-05-03 16:15:05,994 INFO  com.github.fakemongo.FongoConnection - release()
2019-05-03 16:15:05,995 INFO  c.c.d.collector.CollectorTask - Board Data Collected. Added  4        0s
2019-05-03 16:15:05,996 INFO  c.c.d.collector.FeatureCollectorTask - Deleting Board:998-TestBoard kanban 1
2019-05-03 16:15:05,996 INFO  c.c.d.collector.FeatureCollectorTask - Deleting Board:999-TestBoard kanban 3
2019-05-03 16:15:05,997 INFO  c.c.d.collector.CollectorTask - Board Data Collected. Deleted  2        0s
2019-05-03 16:15:05,998 INFO  c.c.d.collector.FeatureCollectorTask - Adding :11500-Project 2
2019-05-03 16:15:05,999 INFO  com.github.fakemongo.FongoConnection - updateCommand() namespace:test-db.scope updates:[com.mongodb.bulk.UpdateRequest@245a2c7f]
2019-05-03 16:15:05,999 INFO  com.github.fakemongo.FongoConnection - release()
2019-05-03 16:15:05,999 INFO  c.c.d.collector.FeatureCollectorTask - Adding :13700-Project 1
2019-05-03 16:15:06,000 INFO  com.github.fakemongo.FongoConnection - updateCommand() namespace:test-db.scope updates:[com.mongodb.bulk.UpdateRequest@6ffbb57d]
2019-05-03 16:15:06,001 INFO  com.github.fakemongo.FongoConnection - release()
2019-05-03 16:15:06,001 INFO  c.c.d.collector.CollectorTask - Project Data Collected  2        0s
2019-05-03 16:15:06,002 INFO  c.c.d.collector.FeatureCollectorTask - Deleting :137001-Project 3
2019-05-03 16:15:06,002 INFO  c.c.d.collector.CollectorTask - Project Data Collected. Deleted  1        0s
2019-05-03 16:15:06,002 INFO  com.github.fakemongo.FongoConnection - updateCommand() namespace:test-db.collectors updates:[com.mongodb.bulk.UpdateRequest@7563f296]
2019-05-03 16:15:06,003 INFO  com.github.fakemongo.FongoConnection - release()
2019-05-03 16:15:06,003 INFO  c.c.d.collector.FeatureCollectorTask - Collected 4 teams and 2 projects
2019-05-03 16:15:06,004 INFO  c.c.d.collector.FeatureCollectorTask - Collecting 1 of 4 boards.
2019-05-03 16:15:06,005 INFO  c.c.d.collector.CollectorTask - Story Data Collected since 1970-01-01T05:30 0        0s
2019-05-03 16:15:06,005 INFO  com.github.fakemongo.FongoConnection - updateCommand() namespace:test-db.team updates:[com.mongodb.bulk.UpdateRequest@7ee6e25b]
2019-05-03 16:15:06,006 INFO  com.github.fakemongo.FongoConnection - release()
2019-05-03 16:15:06,006 INFO  c.c.d.collector.FeatureCollectorTask - Collecting 2 of 4 boards.
2019-05-03 16:15:06,007 INFO  c.c.d.collector.CollectorTask - Story Data Collected since 1970-01-01T05:30 0        0s
2019-05-03 16:15:06,007 INFO  com.github.fakemongo.FongoConnection - updateCommand() namespace:test-db.team updates:[com.mongodb.bulk.UpdateRequest@b2a102c]
2019-05-03 16:15:06,008 INFO  com.github.fakemongo.FongoConnection - release()
2019-05-03 16:15:06,008 INFO  c.c.d.collector.FeatureCollectorTask - Collecting 3 of 4 boards.
2019-05-03 16:15:06,009 INFO  c.c.d.collector.CollectorTask - Story Data Collected since 1970-01-01T05:30 0        0s
2019-05-03 16:15:06,009 INFO  com.github.fakemongo.FongoConnection - updateCommand() namespace:test-db.team updates:[com.mongodb.bulk.UpdateRequest@39c81c69]
2019-05-03 16:15:06,010 INFO  com.github.fakemongo.FongoConnection - release()
2019-05-03 16:15:06,010 INFO  c.c.d.collector.FeatureCollectorTask - Collecting 4 of 4 boards.
2019-05-03 16:15:06,011 INFO  c.c.d.collector.CollectorTask - Story Data Collected since 1970-01-01T05:30 0        0s
2019-05-03 16:15:06,011 INFO  com.github.fakemongo.FongoConnection - updateCommand() namespace:test-db.team updates:[com.mongodb.bulk.UpdateRequest@5355be84]
2019-05-03 16:15:06,012 INFO  com.github.fakemongo.FongoConnection - release()
2019-05-03 16:15:06,012 INFO  c.c.d.collector.CollectorTask - Finished                         0s
2019-05-03 16:15:06,019 INFO  com.github.fakemongo.FongoConnection - updateCommand() namespace:test-db.collectors updates:[com.mongodb.bulk.UpdateRequest@4198b29e]
2019-05-03 16:15:06,019 INFO  com.github.fakemongo.FongoConnection - release()
2019-05-03 16:15:06,021 INFO  com.github.fakemongo.FongoConnection - updateCommand() namespace:test-db.team updates:[com.mongodb.bulk.UpdateRequest@384ac590]
2019-05-03 16:15:06,022 INFO  com.github.fakemongo.FongoConnection - release()
2019-05-03 16:15:06,022 INFO  com.github.fakemongo.FongoConnection - updateCommand() namespace:test-db.team updates:[com.mongodb.bulk.UpdateRequest@4695ed83]
2019-05-03 16:15:06,023 INFO  com.github.fakemongo.FongoConnection - release()
2019-05-03 16:15:06,025 INFO  com.github.fakemongo.FongoConnection - updateCommand() namespace:test-db.scope updates:[com.mongodb.bulk.UpdateRequest@1ff0dbcc]
2019-05-03 16:15:06,026 INFO  com.github.fakemongo.FongoConnection - release()
2019-05-03 16:15:06,031 INFO  c.c.d.collector.DefaultJiraClient - JIRA Collector collected 1 boards
2019-05-03 16:15:06,031 INFO  c.c.d.collector.FeatureCollectorTask - Adding Board:999-TestBoard kanban 3
2019-05-03 16:15:06,033 INFO  com.github.fakemongo.FongoConnection - updateCommand() namespace:test-db.team updates:[com.mongodb.bulk.UpdateRequest@1b7886ee]
2019-05-03 16:15:06,034 INFO  com.github.fakemongo.FongoConnection - release()
2019-05-03 16:15:06,034 INFO  c.c.d.collector.CollectorTask - Board Data Collected. Added  1        0s
2019-05-03 16:15:06,036 INFO  c.c.d.collector.FeatureCollectorTask - Deleting Board:125-TestBoard kanban 2
2019-05-03 16:15:06,036 INFO  c.c.d.collector.FeatureCollectorTask - Deleting Board:16-TestBoard scrum  2
2019-05-03 16:15:06,036 INFO  c.c.d.collector.FeatureCollectorTask - Deleting Board:17-TestBoard kanban 1
2019-05-03 16:15:06,036 INFO  c.c.d.collector.FeatureCollectorTask - Deleting Board:8-TtestBoard scrum 1
2019-05-03 16:15:06,036 INFO  c.c.d.collector.FeatureCollectorTask - Deleting Board:998-TestBoard kanban 1
2019-05-03 16:15:06,037 INFO  c.c.d.collector.CollectorTask - Board Data Collected. Deleted  5        0s
2019-05-03 16:15:06,039 INFO  o.s.c.s.GenericApplicationContext - Closing org.springframework.context.support.GenericApplicationContext@1a9e4177: startup date [Fri May 03 16:15:04 IST 2019]; root of context hierarchy
2019-05-03 16:15:06,059 INFO  com.github.fakemongo.FongoConnection - updateCommand() namespace:test-db.collectors updates:[com.mongodb.bulk.UpdateRequest@75f0a654]
2019-05-03 16:15:06,060 INFO  com.github.fakemongo.FongoConnection - release()
