2019-04-24 18:00:57,192 INFO  o.s.t.c.s.DefaultTestContextBootstrapper - Loaded default TestExecutionListener class names from location [META-INF/spring.factories]: [org.springframework.test.context.web.ServletTestExecutionListener, org.springframework.test.context.support.DirtiesContextBeforeModesTestExecutionListener, org.springframework.test.context.support.DependencyInjectionTestExecutionListener, org.springframework.test.context.support.DirtiesContextTestExecutionListener, org.springframework.test.context.transaction.TransactionalTestExecutionListener, org.springframework.test.context.jdbc.SqlScriptsTestExecutionListener]
2019-04-24 18:00:57,214 INFO  o.s.t.c.s.DefaultTestContextBootstrapper - Could not instantiate TestExecutionListener [org.springframework.test.context.web.ServletTestExecutionListener]. Specify custom listener classes or make the default listener classes (and their required dependencies) available. Offending class: [javax/servlet/ServletContext]
2019-04-24 18:00:57,217 INFO  o.s.t.c.s.DefaultTestContextBootstrapper - Using TestExecutionListeners: [org.springframework.test.context.support.DirtiesContextBeforeModesTestExecutionListener@73c9e8e8, org.springframework.test.context.support.DependencyInjectionTestExecutionListener@de8039f, org.springframework.test.context.support.DirtiesContextTestExecutionListener@1deceb67, org.springframework.test.context.transaction.TransactionalTestExecutionListener@582a764a, org.springframework.test.context.jdbc.SqlScriptsTestExecutionListener@64984b0f]
2019-04-24 18:00:57,522 INFO  o.s.t.c.s.DefaultTestContextBootstrapper - Loaded default TestExecutionListener class names from location [META-INF/spring.factories]: [org.springframework.test.context.web.ServletTestExecutionListener, org.springframework.test.context.support.DirtiesContextBeforeModesTestExecutionListener, org.springframework.test.context.support.DependencyInjectionTestExecutionListener, org.springframework.test.context.support.DirtiesContextTestExecutionListener, org.springframework.test.context.transaction.TransactionalTestExecutionListener, org.springframework.test.context.jdbc.SqlScriptsTestExecutionListener]
2019-04-24 18:00:57,523 INFO  o.s.t.c.s.DefaultTestContextBootstrapper - Could not instantiate TestExecutionListener [org.springframework.test.context.web.ServletTestExecutionListener]. Specify custom listener classes or make the default listener classes (and their required dependencies) available. Offending class: [javax/servlet/ServletContext]
2019-04-24 18:00:57,523 INFO  o.s.t.c.s.DefaultTestContextBootstrapper - Using TestExecutionListeners: [org.springframework.test.context.support.DirtiesContextBeforeModesTestExecutionListener@7b8aebd0, org.springframework.test.context.support.DependencyInjectionTestExecutionListener@55222ee9, org.springframework.test.context.support.DirtiesContextTestExecutionListener@3181d4de, org.springframework.test.context.transaction.TransactionalTestExecutionListener@4f64d9cb, org.springframework.test.context.jdbc.SqlScriptsTestExecutionListener@639c7f9c]
2019-04-24 18:00:57,674 INFO  o.s.c.s.GenericApplicationContext - Refreshing org.springframework.context.support.GenericApplicationContext@ad0bb4e: startup date [Wed Apr 24 18:00:57 IST 2019]; root of context hierarchy
2019-04-24 18:00:58,173 INFO  o.s.b.f.a.AutowiredAnnotationBeanPostProcessor - JSR-330 'javax.inject.Inject' annotation found and supported for autowiring
2019-04-24 18:01:00,061 INFO  com.github.fakemongo.FongoConnection - updateCommand() namespace:test-db.collectors updates:[com.mongodb.bulk.UpdateRequest@222e8b99]
2019-04-24 18:01:00,082 INFO  com.github.fakemongo.FongoConnection - release()
2019-04-24 18:01:00,083 INFO  com.github.fakemongo.FongoConnection - updateCommand() namespace:test-db.collectors updates:[com.mongodb.bulk.UpdateRequest@782cd00]
2019-04-24 18:01:00,085 INFO  com.github.fakemongo.FongoConnection - release()
2019-04-24 18:01:00,085 INFO  com.github.fakemongo.FongoConnection - updateCommand() namespace:test-db.collectors updates:[com.mongodb.bulk.UpdateRequest@65d07158]
2019-04-24 18:01:00,086 INFO  com.github.fakemongo.FongoConnection - release()
2019-04-24 18:01:00,087 INFO  com.github.fakemongo.FongoConnection - updateCommand() namespace:test-db.collectors updates:[com.mongodb.bulk.UpdateRequest@4a182dea]
2019-04-24 18:01:00,088 INFO  com.github.fakemongo.FongoConnection - release()
2019-04-24 18:01:00,090 INFO  com.github.fakemongo.FongoConnection - updateCommand() namespace:test-db.collectors updates:[com.mongodb.bulk.UpdateRequest@677b00ae]
2019-04-24 18:01:00,091 INFO  com.github.fakemongo.FongoConnection - release()
2019-04-24 18:01:00,098 INFO  com.github.fakemongo.FongoConnection - updateCommand() namespace:test-db.components updates:[com.mongodb.bulk.UpdateRequest@76802b8c]
2019-04-24 18:01:00,101 INFO  com.github.fakemongo.FongoConnection - release()
2019-04-24 18:01:00,108 INFO  com.github.fakemongo.FongoConnection - updateCommand() namespace:test-db.collector_items updates:[com.mongodb.bulk.UpdateRequest@1b40c635]
2019-04-24 18:01:00,109 INFO  com.github.fakemongo.FongoConnection - release()
2019-04-24 18:01:00,110 INFO  com.github.fakemongo.FongoConnection - updateCommand() namespace:test-db.collector_items updates:[com.mongodb.bulk.UpdateRequest@2481db83]
2019-04-24 18:01:00,111 INFO  com.github.fakemongo.FongoConnection - release()
2019-04-24 18:01:00,111 INFO  com.github.fakemongo.FongoConnection - updateCommand() namespace:test-db.collector_items updates:[com.mongodb.bulk.UpdateRequest@532a48d4]
2019-04-24 18:01:00,112 INFO  com.github.fakemongo.FongoConnection - release()
2019-04-24 18:01:00,112 INFO  com.github.fakemongo.FongoConnection - updateCommand() namespace:test-db.collector_items updates:[com.mongodb.bulk.UpdateRequest@2515ed62]
2019-04-24 18:01:00,113 INFO  com.github.fakemongo.FongoConnection - release()
2019-04-24 18:01:00,114 INFO  com.github.fakemongo.FongoConnection - updateCommand() namespace:test-db.collector_items updates:[com.mongodb.bulk.UpdateRequest@38f9e69b]
2019-04-24 18:01:00,115 INFO  com.github.fakemongo.FongoConnection - release()
2019-04-24 18:01:00,115 INFO  com.github.fakemongo.FongoConnection - updateCommand() namespace:test-db.collector_items updates:[com.mongodb.bulk.UpdateRequest@128e7fc4]
2019-04-24 18:01:00,116 INFO  com.github.fakemongo.FongoConnection - release()
2019-04-24 18:01:00,117 INFO  com.github.fakemongo.FongoConnection - updateCommand() namespace:test-db.collector_items updates:[com.mongodb.bulk.UpdateRequest@13e3f9a9]
2019-04-24 18:01:00,117 INFO  com.github.fakemongo.FongoConnection - release()
2019-04-24 18:01:00,118 INFO  com.github.fakemongo.FongoConnection - updateCommand() namespace:test-db.collector_items updates:[com.mongodb.bulk.UpdateRequest@1997784a]
2019-04-24 18:01:00,119 INFO  com.github.fakemongo.FongoConnection - release()
2019-04-24 18:01:00,119 INFO  com.github.fakemongo.FongoConnection - updateCommand() namespace:test-db.collector_items updates:[com.mongodb.bulk.UpdateRequest@6ead88dd]
2019-04-24 18:01:00,120 INFO  com.github.fakemongo.FongoConnection - release()
2019-04-24 18:01:00,121 INFO  com.github.fakemongo.FongoConnection - updateCommand() namespace:test-db.collector_items updates:[com.mongodb.bulk.UpdateRequest@fbcba93]
2019-04-24 18:01:00,123 INFO  com.github.fakemongo.FongoConnection - release()
2019-04-24 18:01:00,124 INFO  com.github.fakemongo.FongoConnection - updateCommand() namespace:test-db.collector_items updates:[com.mongodb.bulk.UpdateRequest@39e347c]
2019-04-24 18:01:00,125 INFO  com.github.fakemongo.FongoConnection - release()
2019-04-24 18:01:00,126 INFO  com.github.fakemongo.FongoConnection - updateCommand() namespace:test-db.collector_items updates:[com.mongodb.bulk.UpdateRequest@2169596d]
2019-04-24 18:01:00,127 INFO  com.github.fakemongo.FongoConnection - release()
2019-04-24 18:01:00,128 INFO  com.github.fakemongo.FongoConnection - updateCommand() namespace:test-db.collector_items updates:[com.mongodb.bulk.UpdateRequest@2300d6fd]
2019-04-24 18:01:00,129 INFO  com.github.fakemongo.FongoConnection - release()
2019-04-24 18:01:00,130 INFO  com.github.fakemongo.FongoConnection - updateCommand() namespace:test-db.collector_items updates:[com.mongodb.bulk.UpdateRequest@4902882c]
2019-04-24 18:01:00,131 INFO  com.github.fakemongo.FongoConnection - release()
2019-04-24 18:01:00,132 INFO  com.github.fakemongo.FongoConnection - updateCommand() namespace:test-db.collector_items updates:[com.mongodb.bulk.UpdateRequest@3b4d78a4]
2019-04-24 18:01:00,133 INFO  com.github.fakemongo.FongoConnection - release()
2019-04-24 18:01:00,135 INFO  com.github.fakemongo.FongoConnection - updateCommand() namespace:test-db.collector_items updates:[com.mongodb.bulk.UpdateRequest@5084fc91]
2019-04-24 18:01:00,137 INFO  com.github.fakemongo.FongoConnection - release()
2019-04-24 18:01:00,139 INFO  com.github.fakemongo.FongoConnection - updateCommand() namespace:test-db.collector_items updates:[com.mongodb.bulk.UpdateRequest@75966f42]
2019-04-24 18:01:00,141 INFO  com.github.fakemongo.FongoConnection - release()
2019-04-24 18:01:00,142 INFO  com.github.fakemongo.FongoConnection - updateCommand() namespace:test-db.collector_items updates:[com.mongodb.bulk.UpdateRequest@2808ca34]
2019-04-24 18:01:00,145 INFO  com.github.fakemongo.FongoConnection - release()
2019-04-24 18:01:00,146 INFO  com.github.fakemongo.FongoConnection - updateCommand() namespace:test-db.collector_items updates:[com.mongodb.bulk.UpdateRequest@78500fc9]
2019-04-24 18:01:00,148 INFO  com.github.fakemongo.FongoConnection - release()
2019-04-24 18:01:00,150 INFO  com.github.fakemongo.FongoConnection - updateCommand() namespace:test-db.collector_items updates:[com.mongodb.bulk.UpdateRequest@fc71426]
2019-04-24 18:01:00,152 INFO  com.github.fakemongo.FongoConnection - release()
2019-04-24 18:01:00,153 INFO  com.github.fakemongo.FongoConnection - updateCommand() namespace:test-db.collector_items updates:[com.mongodb.bulk.UpdateRequest@49ed96e3]
2019-04-24 18:01:00,155 INFO  com.github.fakemongo.FongoConnection - release()
2019-04-24 18:01:00,156 INFO  com.github.fakemongo.FongoConnection - updateCommand() namespace:test-db.collector_items updates:[com.mongodb.bulk.UpdateRequest@275aac80]
2019-04-24 18:01:00,157 INFO  com.github.fakemongo.FongoConnection - release()
2019-04-24 18:01:00,158 INFO  com.github.fakemongo.FongoConnection - updateCommand() namespace:test-db.collector_items updates:[com.mongodb.bulk.UpdateRequest@5f8cd1e5]
2019-04-24 18:01:00,159 INFO  com.github.fakemongo.FongoConnection - release()
2019-04-24 18:01:00,160 INFO  com.github.fakemongo.FongoConnection - updateCommand() namespace:test-db.collector_items updates:[com.mongodb.bulk.UpdateRequest@685d9816]
2019-04-24 18:01:00,161 INFO  com.github.fakemongo.FongoConnection - release()
2019-04-24 18:01:00,243 INFO  c.c.d.collector.AuditCollectorUtil - NFRR Audit Collector auditing TEST_RESULT
2019-04-24 18:01:00,280 INFO  o.s.c.s.GenericApplicationContext - Closing org.springframework.context.support.GenericApplicationContext@ad0bb4e: startup date [Wed Apr 24 18:00:57 IST 2019]; root of context hierarchy
2019-04-24 18:40:28,313 INFO  o.s.t.c.s.DefaultTestContextBootstrapper - Loaded default TestExecutionListener class names from location [META-INF/spring.factories]: [org.springframework.test.context.web.ServletTestExecutionListener, org.springframework.test.context.support.DirtiesContextBeforeModesTestExecutionListener, org.springframework.test.context.support.DependencyInjectionTestExecutionListener, org.springframework.test.context.support.DirtiesContextTestExecutionListener, org.springframework.test.context.transaction.TransactionalTestExecutionListener, org.springframework.test.context.jdbc.SqlScriptsTestExecutionListener]
2019-04-24 18:40:28,322 INFO  o.s.t.c.s.DefaultTestContextBootstrapper - Could not instantiate TestExecutionListener [org.springframework.test.context.web.ServletTestExecutionListener]. Specify custom listener classes or make the default listener classes (and their required dependencies) available. Offending class: [javax/servlet/ServletContext]
2019-04-24 18:40:28,333 INFO  o.s.t.c.s.DefaultTestContextBootstrapper - Using TestExecutionListeners: [org.springframework.test.context.support.DirtiesContextBeforeModesTestExecutionListener@53ec2968, org.springframework.test.context.support.DependencyInjectionTestExecutionListener@58ff8d79, org.springframework.test.context.support.DirtiesContextTestExecutionListener@7e19755a, org.springframework.test.context.transaction.TransactionalTestExecutionListener@5d5c04f9, org.springframework.test.context.jdbc.SqlScriptsTestExecutionListener@6f49d153]
2019-04-24 18:40:28,628 INFO  o.s.t.c.s.DefaultTestContextBootstrapper - Loaded default TestExecutionListener class names from location [META-INF/spring.factories]: [org.springframework.test.context.web.ServletTestExecutionListener, org.springframework.test.context.support.DirtiesContextBeforeModesTestExecutionListener, org.springframework.test.context.support.DependencyInjectionTestExecutionListener, org.springframework.test.context.support.DirtiesContextTestExecutionListener, org.springframework.test.context.transaction.TransactionalTestExecutionListener, org.springframework.test.context.jdbc.SqlScriptsTestExecutionListener]
2019-04-24 18:40:28,629 INFO  o.s.t.c.s.DefaultTestContextBootstrapper - Could not instantiate TestExecutionListener [org.springframework.test.context.web.ServletTestExecutionListener]. Specify custom listener classes or make the default listener classes (and their required dependencies) available. Offending class: [javax/servlet/ServletContext]
2019-04-24 18:40:28,629 INFO  o.s.t.c.s.DefaultTestContextBootstrapper - Using TestExecutionListeners: [org.springframework.test.context.support.DirtiesContextBeforeModesTestExecutionListener@1815577b, org.springframework.test.context.support.DependencyInjectionTestExecutionListener@71567f33, org.springframework.test.context.support.DirtiesContextTestExecutionListener@71369e1a, org.springframework.test.context.transaction.TransactionalTestExecutionListener@3cf55e0c, org.springframework.test.context.jdbc.SqlScriptsTestExecutionListener@ee96866]
2019-04-24 18:40:28,788 INFO  o.s.c.s.GenericApplicationContext - Refreshing org.springframework.context.support.GenericApplicationContext@44aa91e2: startup date [Wed Apr 24 18:40:28 IST 2019]; root of context hierarchy
2019-04-24 18:40:29,281 INFO  o.s.b.f.a.AutowiredAnnotationBeanPostProcessor - JSR-330 'javax.inject.Inject' annotation found and supported for autowiring
2019-04-24 18:40:31,270 INFO  com.github.fakemongo.FongoConnection - updateCommand() namespace:test-db.collectors updates:[com.mongodb.bulk.UpdateRequest@697633a]
2019-04-24 18:40:31,287 INFO  com.github.fakemongo.FongoConnection - release()
2019-04-24 18:40:31,288 INFO  com.github.fakemongo.FongoConnection - updateCommand() namespace:test-db.collectors updates:[com.mongodb.bulk.UpdateRequest@76802b8c]
2019-04-24 18:40:31,289 INFO  com.github.fakemongo.FongoConnection - release()
2019-04-24 18:40:31,290 INFO  com.github.fakemongo.FongoConnection - updateCommand() namespace:test-db.collectors updates:[com.mongodb.bulk.UpdateRequest@10bcceb5]
2019-04-24 18:40:31,292 INFO  com.github.fakemongo.FongoConnection - release()
2019-04-24 18:40:31,293 INFO  com.github.fakemongo.FongoConnection - updateCommand() namespace:test-db.collectors updates:[com.mongodb.bulk.UpdateRequest@1b40c635]
2019-04-24 18:40:31,295 INFO  com.github.fakemongo.FongoConnection - release()
2019-04-24 18:40:31,297 INFO  com.github.fakemongo.FongoConnection - updateCommand() namespace:test-db.collectors updates:[com.mongodb.bulk.UpdateRequest@2481db83]
2019-04-24 18:40:31,299 INFO  com.github.fakemongo.FongoConnection - release()
2019-04-24 18:40:31,304 INFO  com.github.fakemongo.FongoConnection - updateCommand() namespace:test-db.components updates:[com.mongodb.bulk.UpdateRequest@532a48d4]
2019-04-24 18:40:31,308 INFO  com.github.fakemongo.FongoConnection - release()
2019-04-24 18:40:31,317 INFO  com.github.fakemongo.FongoConnection - updateCommand() namespace:test-db.collector_items updates:[com.mongodb.bulk.UpdateRequest@38f9e69b]
2019-04-24 18:40:31,318 INFO  com.github.fakemongo.FongoConnection - release()
2019-04-24 18:40:31,318 INFO  com.github.fakemongo.FongoConnection - updateCommand() namespace:test-db.collector_items updates:[com.mongodb.bulk.UpdateRequest@128e7fc4]
2019-04-24 18:40:31,319 INFO  com.github.fakemongo.FongoConnection - release()
2019-04-24 18:40:31,320 INFO  com.github.fakemongo.FongoConnection - updateCommand() namespace:test-db.collector_items updates:[com.mongodb.bulk.UpdateRequest@13e3f9a9]
2019-04-24 18:40:31,321 INFO  com.github.fakemongo.FongoConnection - release()
2019-04-24 18:40:31,321 INFO  com.github.fakemongo.FongoConnection - updateCommand() namespace:test-db.collector_items updates:[com.mongodb.bulk.UpdateRequest@1997784a]
2019-04-24 18:40:31,322 INFO  com.github.fakemongo.FongoConnection - release()
2019-04-24 18:40:31,323 INFO  com.github.fakemongo.FongoConnection - updateCommand() namespace:test-db.collector_items updates:[com.mongodb.bulk.UpdateRequest@6ead88dd]
2019-04-24 18:40:31,324 INFO  com.github.fakemongo.FongoConnection - release()
2019-04-24 18:40:31,325 INFO  com.github.fakemongo.FongoConnection - updateCommand() namespace:test-db.collector_items updates:[com.mongodb.bulk.UpdateRequest@fbcba93]
2019-04-24 18:40:31,326 INFO  com.github.fakemongo.FongoConnection - release()
2019-04-24 18:40:31,327 INFO  com.github.fakemongo.FongoConnection - updateCommand() namespace:test-db.collector_items updates:[com.mongodb.bulk.UpdateRequest@39e347c]
2019-04-24 18:40:31,328 INFO  com.github.fakemongo.FongoConnection - release()
2019-04-24 18:40:31,329 INFO  com.github.fakemongo.FongoConnection - updateCommand() namespace:test-db.collector_items updates:[com.mongodb.bulk.UpdateRequest@2169596d]
2019-04-24 18:40:31,330 INFO  com.github.fakemongo.FongoConnection - release()
2019-04-24 18:40:31,331 INFO  com.github.fakemongo.FongoConnection - updateCommand() namespace:test-db.collector_items updates:[com.mongodb.bulk.UpdateRequest@2300d6fd]
2019-04-24 18:40:31,331 INFO  com.github.fakemongo.FongoConnection - release()
2019-04-24 18:40:31,332 INFO  com.github.fakemongo.FongoConnection - updateCommand() namespace:test-db.collector_items updates:[com.mongodb.bulk.UpdateRequest@4902882c]
2019-04-24 18:40:31,333 INFO  com.github.fakemongo.FongoConnection - release()
2019-04-24 18:40:31,333 INFO  com.github.fakemongo.FongoConnection - updateCommand() namespace:test-db.collector_items updates:[com.mongodb.bulk.UpdateRequest@3b4d78a4]
2019-04-24 18:40:31,334 INFO  com.github.fakemongo.FongoConnection - release()
2019-04-24 18:40:31,335 INFO  com.github.fakemongo.FongoConnection - updateCommand() namespace:test-db.collector_items updates:[com.mongodb.bulk.UpdateRequest@5084fc91]
2019-04-24 18:40:31,336 INFO  com.github.fakemongo.FongoConnection - release()
2019-04-24 18:40:31,336 INFO  com.github.fakemongo.FongoConnection - updateCommand() namespace:test-db.collector_items updates:[com.mongodb.bulk.UpdateRequest@75966f42]
2019-04-24 18:40:31,337 INFO  com.github.fakemongo.FongoConnection - release()
2019-04-24 18:40:31,337 INFO  com.github.fakemongo.FongoConnection - updateCommand() namespace:test-db.collector_items updates:[com.mongodb.bulk.UpdateRequest@2808ca34]
2019-04-24 18:40:31,338 INFO  com.github.fakemongo.FongoConnection - release()
2019-04-24 18:40:31,339 INFO  com.github.fakemongo.FongoConnection - updateCommand() namespace:test-db.collector_items updates:[com.mongodb.bulk.UpdateRequest@78500fc9]
2019-04-24 18:40:31,341 INFO  com.github.fakemongo.FongoConnection - release()
2019-04-24 18:40:31,342 INFO  com.github.fakemongo.FongoConnection - updateCommand() namespace:test-db.collector_items updates:[com.mongodb.bulk.UpdateRequest@fc71426]
2019-04-24 18:40:31,343 INFO  com.github.fakemongo.FongoConnection - release()
2019-04-24 18:40:31,344 INFO  com.github.fakemongo.FongoConnection - updateCommand() namespace:test-db.collector_items updates:[com.mongodb.bulk.UpdateRequest@49ed96e3]
2019-04-24 18:40:31,345 INFO  com.github.fakemongo.FongoConnection - release()
2019-04-24 18:40:31,346 INFO  com.github.fakemongo.FongoConnection - updateCommand() namespace:test-db.collector_items updates:[com.mongodb.bulk.UpdateRequest@275aac80]
2019-04-24 18:40:31,347 INFO  com.github.fakemongo.FongoConnection - release()
2019-04-24 18:40:31,348 INFO  com.github.fakemongo.FongoConnection - updateCommand() namespace:test-db.collector_items updates:[com.mongodb.bulk.UpdateRequest@5f8cd1e5]
2019-04-24 18:40:31,349 INFO  com.github.fakemongo.FongoConnection - release()
2019-04-24 18:40:31,349 INFO  com.github.fakemongo.FongoConnection - updateCommand() namespace:test-db.collector_items updates:[com.mongodb.bulk.UpdateRequest@685d9816]
2019-04-24 18:40:31,350 INFO  com.github.fakemongo.FongoConnection - release()
2019-04-24 18:40:31,351 INFO  com.github.fakemongo.FongoConnection - updateCommand() namespace:test-db.collector_items updates:[com.mongodb.bulk.UpdateRequest@4d225170]
2019-04-24 18:40:31,351 INFO  com.github.fakemongo.FongoConnection - release()
2019-04-24 18:40:31,352 INFO  com.github.fakemongo.FongoConnection - updateCommand() namespace:test-db.collector_items updates:[com.mongodb.bulk.UpdateRequest@3f6edaf8]
2019-04-24 18:40:31,353 INFO  com.github.fakemongo.FongoConnection - release()
2019-04-24 18:40:31,353 INFO  com.github.fakemongo.FongoConnection - updateCommand() namespace:test-db.collector_items updates:[com.mongodb.bulk.UpdateRequest@6543709]
2019-04-24 18:40:31,354 INFO  com.github.fakemongo.FongoConnection - release()
2019-04-24 18:40:31,355 INFO  com.github.fakemongo.FongoConnection - updateCommand() namespace:test-db.collector_items updates:[com.mongodb.bulk.UpdateRequest@2cd92fd]
2019-04-24 18:40:31,356 INFO  com.github.fakemongo.FongoConnection - release()
2019-04-24 18:40:31,424 INFO  c.c.d.collector.AuditCollectorUtil - NFRR Audit Collector auditing TEST_RESULT
2019-04-24 18:40:31,445 INFO  o.s.c.s.GenericApplicationContext - Closing org.springframework.context.support.GenericApplicationContext@44aa91e2: startup date [Wed Apr 24 18:40:28 IST 2019]; root of context hierarchy
